This file contains any messages produced by compilers while
running configure, to aid debugging if configure makes a mistake.

It was created by configure, which was
generated by GNU Autoconf 2.69.  Invocation command line was

  $ ./configure 

## --------- ##
## Platform. ##
## --------- ##

hostname = pc-tanyer_a
uname -m = x86_64
uname -r = 3.11.10-21-desktop
uname -s = Linux
uname -v = #1 SMP PREEMPT Mon Jul 21 15:28:46 UTC 2014 (9a9565d)

/usr/bin/uname -p = x86_64
/bin/uname -X     = unknown

/bin/arch              = x86_64
/usr/bin/arch -k       = unknown
/usr/convex/getsysinfo = unknown
/usr/bin/hostinfo      = unknown
/bin/machine           = unknown
/usr/bin/oslevel       = unknown
/bin/universe          = unknown

PATH: /bin
PATH: /sbin
PATH: /usr/bin
PATH: /usr/sbin
PATH: /usr/heimdal/bin
PATH: /usr/heimdal/sbin
PATH: ~/bin


## ----------- ##
## Core tests. ##
## ----------- ##

configure:2368: loading site script /usr/share/site/x86_64-unknown-linux-gnu
| #!/bin/sh
| # Site script for configure. It is resourced via $CONFIG_SITE environment varaible.
| 
| # If user did not specify libdir, guess the correct target:
| # Use lib64 for 64 bit bi-arch targets, keep the default for the rest.
| if test "$libdir" = '${exec_prefix}/lib' ; then
| 
| 	ac_config_site_64bit_host=NONE
| 
| 	case "$host" in
| 	"" )
| 		# User did not specify host target.
| 		# The native platform x86_64 is a bi-arch platform.
| 		# Try to detect cross-compilation to inferior architecture.
| 
| 		# We are trying to guess 32-bit target compilation. It's not as easy as
| 		# it sounds, as there is possible several intermediate combinations.
| 		ac_config_site_cross_to_32bit_host=NONE
| 
| 		# User defined -m32 in CFLAGS or CXXFLAGS:
| 		# (It's sufficient for 32-bit, but alone may cause mis-behavior of some checks.)
| 		case "$CFLAGS" in
| 		*-m32*)
| 			ac_config_site_cross_to_32bit_host=YES
| 			;;
| 		esac
| 		case "$CXXFLAGS" in
| 		*-m32*)
| 			ac_config_site_cross_to_32bit_host=YES
| 			;;
| 		esac
| 
| 		# Running with linux32:
| 		# (Changes detected platform, but not the toolchain target.)
| 		case "`/bin/uname -i`" in
| 		x86_64 | ppc64 | s390x )
| 			;;
| 		* )
| 			ac_config_site_cross_to_32bit_host=YES
| 			;;
| 		esac
| 
| 		if test "x$ac_config_site_cross_to_32bit_host" = xNONE; then
| 			ac_config_site_64bit_host=YES
| 		fi
| 
| 		;;
| 	*x86_64* | *ppc64* | *s390x* )
| 		ac_config_site_64bit_host=YES
| 		;;
| 	esac
| 
| 	if test "x$ac_config_site_64bit_host" = xYES; then
| 		libdir='${exec_prefix}/lib64'
| 	fi
| fi
| 
| # If user did not specify libexecdir, set the correct target:
| # Nor FHS nor openSUSE allow prefix/libexec. Let's default to prefix/lib.
| 
| if test "$libexecdir" = '${exec_prefix}/libexec' ; then
| 	libexecdir='${exec_prefix}/lib'
| fi
| 
| # Continue with the standard behavior of configure defined in AC_SITE_LOAD:
| if test "x$prefix" != xNONE; then
| 	ac_site_file1=$prefix/share/config.site
| 	ac_site_file2=$prefix/etc/config.site
| else
| 	ac_site_file1=$ac_default_prefix/share/config.site
| 	ac_site_file2=$ac_default_prefix/etc/config.site
| fi
| for ac_site_file in "$ac_site_file1" "$ac_site_file2"
| do
| 	test "x$ac_site_file" = xNONE && continue
| 	if test /dev/null != "$ac_site_file" && test -r "$ac_site_file"; then
| 		{ $as_echo "/usr/share/site/x86_64-unknown-linux-gnu:${as_lineno-$LINENO}: loading site script $ac_site_file" >&5
| $as_echo "/usr/share/site/x86_64-unknown-linux-gnu: loading site script $ac_site_file" >&6;}
| 		sed 's/^/| /' "$ac_site_file" >&5
| 		. "$ac_site_file" \
| 			|| { { $as_echo "/usr/share/site/x86_64-unknown-linux-gnu:${as_lineno-$LINENO}: error: in \`$ac_pwd':" >&5
| $as_echo "/usr/share/site/x86_64-unknown-linux-gnu: error: in \`$ac_pwd':" >&2;}
| as_fn_error $? "failed to load site script $ac_site_file
| See \`config.log' for more details" "$LINENO" 5; }
| 	fi
| done
configure:2547: checking build system type
configure:2561: result: x86_64-unknown-linux-gnu
configure:2581: checking host system type
configure:2594: result: x86_64-unknown-linux-gnu
configure:2662: checking for gcc
configure:2678: found /usr/bin/gcc
configure:2689: result: gcc
configure:2918: checking for C compiler version
configure:2927: gcc --version >&5
gcc (SUSE Linux) 4.8.1 20130909 [gcc-4_8-branch revision 202388]
Copyright (C) 2013 Free Software Foundation, Inc.
This is free software; see the source for copying conditions.  There is NO
warranty; not even for MERCHANTABILITY or FITNESS FOR A PARTICULAR PURPOSE.

configure:2938: $? = 0
configure:2927: gcc -v >&5
Using built-in specs.
COLLECT_GCC=gcc
COLLECT_LTO_WRAPPER=/usr/lib64/gcc/x86_64-suse-linux/4.8/lto-wrapper
Target: x86_64-suse-linux
Configured with: ../configure --prefix=/usr --infodir=/usr/share/info --mandir=/usr/share/man --libdir=/usr/lib64 --libexecdir=/usr/lib64 --enable-languages=c,c++,objc,fortran,obj-c++,java,ada --enable-checking=release --with-gxx-include-dir=/usr/include/c++/4.8 --enable-ssp --disable-libssp --disable-plugin --with-bugurl=http://bugs.opensuse.org/ --with-pkgversion='SUSE Linux' --disable-libgcj --disable-libmudflap --with-slibdir=/lib64 --with-system-zlib --enable-__cxa_atexit --enable-libstdcxx-allocator=new --disable-libstdcxx-pch --enable-version-specific-runtime-libs --enable-linker-build-id --program-suffix=-4.8 --enable-linux-futex --without-system-libunwind --with-arch-32=i586 --with-tune=generic --build=x86_64-suse-linux
Thread model: posix
gcc version 4.8.1 20130909 [gcc-4_8-branch revision 202388] (SUSE Linux) 
configure:2938: $? = 0
configure:2927: gcc -V >&5
gcc: error: unrecognized command line option '-V'
gcc: fatal error: no input files
compilation terminated.
configure:2938: $? = 1
configure:2927: gcc -qversion >&5
gcc: error: unrecognized command line option '-qversion'
gcc: fatal error: no input files
compilation terminated.
configure:2938: $? = 1
configure:2958: checking whether the C compiler works
configure:2980: gcc    conftest.c  >&5
configure:2984: $? = 0
configure:3032: result: yes
configure:3035: checking for C compiler default output file name
configure:3037: result: a.out
configure:3043: checking for suffix of executables
configure:3050: gcc -o conftest    conftest.c  >&5
configure:3054: $? = 0
configure:3076: result: 
configure:3098: checking whether we are cross compiling
configure:3106: gcc -o conftest    conftest.c  >&5
configure:3110: $? = 0
configure:3117: ./conftest
configure:3121: $? = 0
configure:3136: result: no
configure:3141: checking for suffix of object files
configure:3163: gcc -c   conftest.c >&5
configure:3167: $? = 0
configure:3188: result: o
configure:3192: checking whether we are using the GNU C compiler
configure:3211: gcc -c   conftest.c >&5
configure:3211: $? = 0
configure:3220: result: yes
configure:3229: checking whether gcc accepts -g
configure:3249: gcc -c -g  conftest.c >&5
configure:3249: $? = 0
configure:3290: result: yes
configure:3307: checking for gcc option to accept ISO C89
configure:3370: gcc  -c -g -O2  conftest.c >&5
configure:3370: $? = 0
configure:3383: result: none needed
configure:3403: checking for a sed that does not truncate output
configure:3467: result: /bin/sed
configure:3485: checking for grep that handles long lines and -e
configure:3543: result: /bin/grep
configure:3548: checking for egrep
configure:3610: result: /bin/grep -E
configure:3615: checking for fgrep
configure:3677: result: /bin/grep -F
configure:3712: checking for ld used by gcc
configure:3779: result: /usr/x86_64-suse-linux/bin/ld
configure:3786: checking if the linker (/usr/x86_64-suse-linux/bin/ld) is GNU ld
configure:3801: result: yes
configure:3813: checking for BSD- or MS-compatible name lister (nm)
configure:3862: result: /usr/bin/nm -B
configure:3980: checking the name lister (/usr/bin/nm -B) interface
configure:3987: gcc -c -g -O2  conftest.c >&5
configure:3990: /usr/bin/nm -B "conftest.o"
configure:3993: output
0000000000000000 B some_variable
configure:4000: result: BSD nm
configure:4003: checking whether ln -s works
configure:4007: result: yes
configure:4015: checking the maximum length of command line arguments
configure:4141: result: 1572864
configure:4158: checking whether the shell understands some XSI constructs
configure:4168: result: yes
configure:4172: checking whether the shell understands "+="
configure:4178: result: yes
configure:4213: checking for /usr/x86_64-suse-linux/bin/ld option to reload object files
configure:4220: result: -r
configure:4289: checking for objdump
configure:4305: found /usr/bin/objdump
configure:4316: result: objdump
configure:4345: checking how to recognize dependent libraries
configure:4543: result: pass_all
configure:4603: checking for ar
configure:4619: found /usr/bin/ar
configure:4630: result: ar
configure:4708: checking for strip
configure:4724: found /usr/bin/strip
configure:4735: result: strip
configure:4807: checking for ranlib
configure:4823: found /usr/bin/ranlib
configure:4834: result: ranlib
configure:4924: checking command to parse /usr/bin/nm -B output from gcc object
configure:5042: gcc -c -g -O2  conftest.c >&5
configure:5045: $? = 0
configure:5049: /usr/bin/nm -B conftest.o \| sed -n -e 's/^.*[	 ]\([ABCDGIRSTW][ABCDGIRSTW]*\)[	 ][	 ]*\([_A-Za-z][_A-Za-z0-9]*\)$/\1 \2 \2/p' \> conftest.nm
configure:5052: $? = 0
configure:5106: gcc -o conftest -g -O2   conftest.c conftstm.o >&5
configure:5109: $? = 0
configure:5147: result: ok
configure:5243: gcc -c -g -O2  conftest.c >&5
configure:5246: $? = 0
configure:5956: checking how to run the C preprocessor
configure:5987: gcc -E  conftest.c
configure:5987: $? = 0
configure:6001: gcc -E  conftest.c
conftest.c:9:28: fatal error: ac_nonexistent.h: No such file or directory
 #include <ac_nonexistent.h>
                            ^
compilation terminated.
configure:6001: $? = 1
configure: failed program was:
| /* confdefs.h */
| #define PACKAGE_NAME ""
| #define PACKAGE_TARNAME ""
| #define PACKAGE_VERSION ""
| #define PACKAGE_STRING ""
| #define PACKAGE_BUGREPORT ""
| #define PACKAGE_URL ""
| /* end confdefs.h.  */
| #include <ac_nonexistent.h>
configure:6026: result: gcc -E
configure:6046: gcc -E  conftest.c
configure:6046: $? = 0
configure:6060: gcc -E  conftest.c
conftest.c:9:28: fatal error: ac_nonexistent.h: No such file or directory
 #include <ac_nonexistent.h>
                            ^
compilation terminated.
configure:6060: $? = 1
configure: failed program was:
| /* confdefs.h */
| #define PACKAGE_NAME ""
| #define PACKAGE_TARNAME ""
| #define PACKAGE_VERSION ""
| #define PACKAGE_STRING ""
| #define PACKAGE_BUGREPORT ""
| #define PACKAGE_URL ""
| /* end confdefs.h.  */
| #include <ac_nonexistent.h>
configure:6089: checking for ANSI C header files
configure:6109: gcc -c -g -O2  conftest.c >&5
configure:6109: $? = 0
configure:6182: gcc -o conftest -g -O2   conftest.c  >&5
configure:6182: $? = 0
configure:6182: ./conftest
configure:6182: $? = 0
configure:6193: result: yes
configure:6206: checking for sys/types.h
configure:6206: gcc -c -g -O2  conftest.c >&5
configure:6206: $? = 0
configure:6206: result: yes
configure:6206: checking for sys/stat.h
configure:6206: gcc -c -g -O2  conftest.c >&5
configure:6206: $? = 0
configure:6206: result: yes
configure:6206: checking for stdlib.h
configure:6206: gcc -c -g -O2  conftest.c >&5
configure:6206: $? = 0
configure:6206: result: yes
configure:6206: checking for string.h
configure:6206: gcc -c -g -O2  conftest.c >&5
configure:6206: $? = 0
configure:6206: result: yes
configure:6206: checking for memory.h
configure:6206: gcc -c -g -O2  conftest.c >&5
configure:6206: $? = 0
configure:6206: result: yes
configure:6206: checking for strings.h
configure:6206: gcc -c -g -O2  conftest.c >&5
configure:6206: $? = 0
configure:6206: result: yes
configure:6206: checking for inttypes.h
configure:6206: gcc -c -g -O2  conftest.c >&5
configure:6206: $? = 0
configure:6206: result: yes
configure:6206: checking for stdint.h
configure:6206: gcc -c -g -O2  conftest.c >&5
configure:6206: $? = 0
configure:6206: result: yes
configure:6206: checking for unistd.h
configure:6206: gcc -c -g -O2  conftest.c >&5
configure:6206: $? = 0
configure:6206: result: yes
configure:6220: checking for dlfcn.h
configure:6220: gcc -c -g -O2  conftest.c >&5
configure:6220: $? = 0
configure:6220: result: yes
configure:6702: checking for objdir
configure:6717: result: .libs
configure:7013: checking if gcc supports -fno-rtti -fno-exceptions
configure:7031: gcc -c -g -O2  -fno-rtti -fno-exceptions conftest.c >&5
cc1: warning: command line option '-fno-rtti' is valid for C++/ObjC++ but not for C [enabled by default]
configure:7035: $? = 0
configure:7048: result: no
configure:7068: checking for gcc option to produce PIC
configure:7340: result: -fPIC -DPIC
configure:7352: checking if gcc PIC flag -fPIC -DPIC works
configure:7370: gcc -c -g -O2  -fPIC -DPIC -DPIC conftest.c >&5
configure:7374: $? = 0
configure:7387: result: yes
configure:7411: checking if gcc static flag -static works
configure:7439: result: no
configure:7454: checking if gcc supports -c -o file.o
configure:7475: gcc -c -g -O2  -o out/conftest2.o conftest.c >&5
configure:7479: $? = 0
configure:7501: result: yes
configure:7509: checking if gcc supports -c -o file.o
configure:7556: result: yes
configure:7589: checking whether the gcc linker (/usr/x86_64-suse-linux/bin/ld -m elf_x86_64) supports shared libraries
configure:8575: result: yes
configure:8612: checking whether -lc should be explicitly linked in
configure:8617: gcc -c -g -O2  conftest.c >&5
configure:8620: $? = 0
configure:8635: gcc -shared conftest.o  -v -Wl,-soname -Wl,conftest -o conftest 2\>\&1 \| /bin/grep  -lc  \>/dev/null 2\>\&1
configure:8638: $? = 0
configure:8650: result: no
configure:8814: checking dynamic linker characteristics
configure:9249: gcc -o conftest -g -O2   -Wl,-rpath -Wl,/foo conftest.c  >&5
configure:9249: $? = 0
configure:9467: result: GNU/Linux ld.so
configure:9569: checking how to hardcode library paths into programs
configure:9594: result: immediate
configure:10114: checking whether stripping libraries is possible
configure:10119: result: yes
configure:10154: checking if libtool supports shared libraries
configure:10156: result: yes
configure:10159: checking whether to build shared libraries
configure:10180: result: yes
configure:10183: checking whether to build static libraries
configure:10187: result: yes
configure:10251: checking for a BSD-compatible install
configure:10319: result: /usr/bin/install -c
configure:10330: checking whether build environment is sane
configure:10385: result: yes
configure:10536: checking for a thread-safe mkdir -p
configure:10575: result: /bin/mkdir -p
configure:10582: checking for gawk
configure:10598: found /bin/gawk
configure:10609: result: gawk
configure:10620: checking whether make sets $(MAKE)
configure:10642: result: yes
configure:10672: checking for style of include used by make
configure:10700: result: GNU
configure:10734: checking whether make supports nested variables
configure:10751: result: yes
configure:10832: checking dependency style of gcc
configure:10943: result: gcc3
configure:11009: checking for gcc
configure:11036: result: gcc
configure:11265: checking for C compiler version
configure:11274: gcc --version >&5
gcc (SUSE Linux) 4.8.1 20130909 [gcc-4_8-branch revision 202388]
Copyright (C) 2013 Free Software Foundation, Inc.
This is free software; see the source for copying conditions.  There is NO
warranty; not even for MERCHANTABILITY or FITNESS FOR A PARTICULAR PURPOSE.

configure:11285: $? = 0
configure:11274: gcc -v >&5
Using built-in specs.
COLLECT_GCC=gcc
COLLECT_LTO_WRAPPER=/usr/lib64/gcc/x86_64-suse-linux/4.8/lto-wrapper
Target: x86_64-suse-linux
Configured with: ../configure --prefix=/usr --infodir=/usr/share/info --mandir=/usr/share/man --libdir=/usr/lib64 --libexecdir=/usr/lib64 --enable-languages=c,c++,objc,fortran,obj-c++,java,ada --enable-checking=release --with-gxx-include-dir=/usr/include/c++/4.8 --enable-ssp --disable-libssp --disable-plugin --with-bugurl=http://bugs.opensuse.org/ --with-pkgversion='SUSE Linux' --disable-libgcj --disable-libmudflap --with-slibdir=/lib64 --with-system-zlib --enable-__cxa_atexit --enable-libstdcxx-allocator=new --disable-libstdcxx-pch --enable-version-specific-runtime-libs --enable-linker-build-id --program-suffix=-4.8 --enable-linux-futex --without-system-libunwind --with-arch-32=i586 --with-tune=generic --build=x86_64-suse-linux
Thread model: posix
gcc version 4.8.1 20130909 [gcc-4_8-branch revision 202388] (SUSE Linux) 
configure:11285: $? = 0
configure:11274: gcc -V >&5
gcc: error: unrecognized command line option '-V'
gcc: fatal error: no input files
compilation terminated.
configure:11285: $? = 1
configure:11274: gcc -qversion >&5
gcc: error: unrecognized command line option '-qversion'
gcc: fatal error: no input files
compilation terminated.
configure:11285: $? = 1
configure:11289: checking whether we are using the GNU C compiler
configure:11317: result: yes
configure:11326: checking whether gcc accepts -g
configure:11387: result: yes
configure:11404: checking for gcc option to accept ISO C89
configure:11480: result: none needed
configure:11554: checking for gcc
configure:11570: found /usr/bin/gcc
configure:11581: result: gcc
configure:11606: checking for Objective C compiler version
configure:11615: gcc --version >&5
gcc (SUSE Linux) 4.8.1 20130909 [gcc-4_8-branch revision 202388]
Copyright (C) 2013 Free Software Foundation, Inc.
This is free software; see the source for copying conditions.  There is NO
warranty; not even for MERCHANTABILITY or FITNESS FOR A PARTICULAR PURPOSE.

configure:11626: $? = 0
configure:11615: gcc -v >&5
Using built-in specs.
COLLECT_GCC=gcc
COLLECT_LTO_WRAPPER=/usr/lib64/gcc/x86_64-suse-linux/4.8/lto-wrapper
Target: x86_64-suse-linux
Configured with: ../configure --prefix=/usr --infodir=/usr/share/info --mandir=/usr/share/man --libdir=/usr/lib64 --libexecdir=/usr/lib64 --enable-languages=c,c++,objc,fortran,obj-c++,java,ada --enable-checking=release --with-gxx-include-dir=/usr/include/c++/4.8 --enable-ssp --disable-libssp --disable-plugin --with-bugurl=http://bugs.opensuse.org/ --with-pkgversion='SUSE Linux' --disable-libgcj --disable-libmudflap --with-slibdir=/lib64 --with-system-zlib --enable-__cxa_atexit --enable-libstdcxx-allocator=new --disable-libstdcxx-pch --enable-version-specific-runtime-libs --enable-linker-build-id --program-suffix=-4.8 --enable-linux-futex --without-system-libunwind --with-arch-32=i586 --with-tune=generic --build=x86_64-suse-linux
Thread model: posix
gcc version 4.8.1 20130909 [gcc-4_8-branch revision 202388] (SUSE Linux) 
configure:11626: $? = 0
configure:11615: gcc -V >&5
gcc: error: unrecognized command line option '-V'
gcc: fatal error: no input files
compilation terminated.
configure:11626: $? = 1
configure:11615: gcc -qversion >&5
gcc: error: unrecognized command line option '-qversion'
gcc: fatal error: no input files
compilation terminated.
configure:11626: $? = 1
configure:11630: checking whether we are using the GNU Objective C compiler
configure:11649: gcc -c   conftest.m >&5
gcc: error trying to exec 'cc1obj': execvp: No such file or directory
configure:11649: $? = 1
configure: failed program was:
| /* confdefs.h */
| #define PACKAGE_NAME ""
| #define PACKAGE_TARNAME ""
| #define PACKAGE_VERSION ""
| #define PACKAGE_STRING ""
| #define PACKAGE_BUGREPORT ""
| #define PACKAGE_URL ""
| #define STDC_HEADERS 1
| #define HAVE_SYS_TYPES_H 1
| #define HAVE_SYS_STAT_H 1
| #define HAVE_STDLIB_H 1
| #define HAVE_STRING_H 1
| #define HAVE_MEMORY_H 1
| #define HAVE_STRINGS_H 1
| #define HAVE_INTTYPES_H 1
| #define HAVE_STDINT_H 1
| #define HAVE_UNISTD_H 1
| #define HAVE_DLFCN_H 1
| #define LT_OBJDIR ".libs/"
| #define PACKAGE "SDL2_image"
| #define VERSION "2.0.0"
| /* end confdefs.h.  */
| 
| int
| main ()
| {
| #ifndef __GNUC__
|        choke me
| #endif
| 
|   ;
|   return 0;
| }
configure:11658: result: no
configure:11667: checking whether gcc accepts -g
configure:11687: gcc -c -g  conftest.m >&5
gcc: error trying to exec 'cc1obj': execvp: No such file or directory
configure:11687: $? = 1
configure: failed program was:
| /* confdefs.h */
| #define PACKAGE_NAME ""
| #define PACKAGE_TARNAME ""
| #define PACKAGE_VERSION ""
| #define PACKAGE_STRING ""
| #define PACKAGE_BUGREPORT ""
| #define PACKAGE_URL ""
| #define STDC_HEADERS 1
| #define HAVE_SYS_TYPES_H 1
| #define HAVE_SYS_STAT_H 1
| #define HAVE_STDLIB_H 1
| #define HAVE_STRING_H 1
| #define HAVE_MEMORY_H 1
| #define HAVE_STRINGS_H 1
| #define HAVE_INTTYPES_H 1
| #define HAVE_STDINT_H 1
| #define HAVE_UNISTD_H 1
| #define HAVE_DLFCN_H 1
| #define LT_OBJDIR ".libs/"
| #define PACKAGE "SDL2_image"
| #define VERSION "2.0.0"
| /* end confdefs.h.  */
| 
| int
| main ()
| {
| 
|   ;
|   return 0;
| }
configure:11702: gcc -c   conftest.m >&5
gcc: error trying to exec 'cc1obj': execvp: No such file or directory
configure:11702: $? = 1
configure: failed program was:
| /* confdefs.h */
| #define PACKAGE_NAME ""
| #define PACKAGE_TARNAME ""
| #define PACKAGE_VERSION ""
| #define PACKAGE_STRING ""
| #define PACKAGE_BUGREPORT ""
| #define PACKAGE_URL ""
| #define STDC_HEADERS 1
| #define HAVE_SYS_TYPES_H 1
| #define HAVE_SYS_STAT_H 1
| #define HAVE_STDLIB_H 1
| #define HAVE_STRING_H 1
| #define HAVE_MEMORY_H 1
| #define HAVE_STRINGS_H 1
| #define HAVE_INTTYPES_H 1
| #define HAVE_STDINT_H 1
| #define HAVE_UNISTD_H 1
| #define HAVE_DLFCN_H 1
| #define LT_OBJDIR ".libs/"
| #define PACKAGE "SDL2_image"
| #define VERSION "2.0.0"
| /* end confdefs.h.  */
| 
| int
| main ()
| {
| 
|   ;
|   return 0;
| }
configure:11718: gcc -c -g  conftest.m >&5
gcc: error trying to exec 'cc1obj': execvp: No such file or directory
configure:11718: $? = 1
configure: failed program was:
| /* confdefs.h */
| #define PACKAGE_NAME ""
| #define PACKAGE_TARNAME ""
| #define PACKAGE_VERSION ""
| #define PACKAGE_STRING ""
| #define PACKAGE_BUGREPORT ""
| #define PACKAGE_URL ""
| #define STDC_HEADERS 1
| #define HAVE_SYS_TYPES_H 1
| #define HAVE_SYS_STAT_H 1
| #define HAVE_STDLIB_H 1
| #define HAVE_STRING_H 1
| #define HAVE_MEMORY_H 1
| #define HAVE_STRINGS_H 1
| #define HAVE_INTTYPES_H 1
| #define HAVE_STDINT_H 1
| #define HAVE_UNISTD_H 1
| #define HAVE_DLFCN_H 1
| #define LT_OBJDIR ".libs/"
| #define PACKAGE "SDL2_image"
| #define VERSION "2.0.0"
| /* end confdefs.h.  */
| 
| int
| main ()
| {
| 
|   ;
|   return 0;
| }
configure:11728: result: no
configure:11753: checking dependency style of gcc
configure:11862: result: gcc3
configure:11877: checking for inline
configure:11893: gcc -c -g -O2  conftest.c >&5
configure:11893: $? = 0
configure:11901: result: inline
configure:11920: checking whether make sets $(MAKE)
configure:11942: result: yes
configure:11960: checking for windres
configure:11990: result: no
configure:11960: checking for linux-gnu-windres
configure:11990: result: no
configure:12121: checking for pkg-config
configure:12139: found /usr/bin/pkg-config
configure:12151: result: /usr/bin/pkg-config
configure:12176: checking pkg-config is at least version 0.9.0
configure:12179: result: yes
configure:12217: checking for SDL
configure:12225: $PKG_CONFIG --exists --print-errors "sdl2 >= $min_sdl_version"
configure:12228: $? = 0
configure:12243: $PKG_CONFIG --exists --print-errors "sdl2 >= $min_sdl_version"
configure:12246: $? = 0
configure:12282: result: yes
configure:12653: checking for ImageIO support
configure:12655: result: 
configure:12659: checking jpeglib.h usability
configure:12659: gcc -c -g -O2 -D_REENTRANT -I/usr/local/include/SDL2   conftest.c >&5
configure:12659: $? = 0
configure:12659: result: yes
configure:12659: checking jpeglib.h presence
configure:12659: gcc -E  conftest.c
configure:12659: $? = 0
configure:12659: result: yes
configure:12659: checking for jpeglib.h
configure:12659: result: yes
configure:12665: checking for jpeg_CreateDecompress in -ljpeg
configure:12690: gcc -o conftest -g -O2 -D_REENTRANT -I/usr/local/include/SDL2    conftest.c -ljpeg   -L/usr/local/lib64 -Wl,-rpath,/usr/local/lib64 -lSDL2 -lpthread  >&5
configure:12690: $? = 0
configure:12699: result: yes
configure:12737: checking for LIBPNG
configure:12745: $PKG_CONFIG --exists --print-errors "libpng"
configure:12748: $? = 0
configure:12763: $PKG_CONFIG --exists --print-errors "libpng"
configure:12766: $? = 0
configure:12894: result: yes
configure:12928: checking tiffio.h usability
configure:12928: gcc -c -I/usr/include/libpng12  -g -O2 -D_REENTRANT -I/usr/local/include/SDL2   conftest.c >&5
configure:12928: $? = 0
configure:12928: result: yes
configure:12928: checking tiffio.h presence
configure:12928: gcc -E  conftest.c
configure:12928: $? = 0
configure:12928: result: yes
configure:12928: checking for tiffio.h
configure:12928: result: yes
configure:12934: checking for TIFFClientOpen in -ltiff
configure:12959: gcc -o conftest -I/usr/include/libpng12  -g -O2 -D_REENTRANT -I/usr/local/include/SDL2    conftest.c -ltiff -lz -ljpeg  -L/usr/local/lib64 -Wl,-rpath,/usr/local/lib64 -lSDL2 -lpthread  >&5
configure:12959: $? = 0
configure:12968: result: yes
configure:13003: checking for LIBWEBP
configure:13011: $PKG_CONFIG --exists --print-errors "libwebp"
Package libwebp was not found in the pkg-config search path.
Perhaps you should add the directory containing `libwebp.pc'
to the PKG_CONFIG_PATH environment variable
No package 'libwebp' found
configure:13014: $? = 1
configure:13029: $PKG_CONFIG --exists --print-errors "libwebp"
Package libwebp was not found in the pkg-config search path.
Perhaps you should add the directory containing `libwebp.pc'
to the PKG_CONFIG_PATH environment variable
No package 'libwebp' found
configure:13032: $? = 1
No package 'libwebp' found
configure:13060: result: no
configure:13062: checking webp/decode.h usability
configure:13062: gcc -c -I/usr/include/libpng12  -g -O2 -D_REENTRANT -I/usr/local/include/SDL2   conftest.c >&5
conftest.c:59:25: fatal error: webp/decode.h: No such file or directory
 #include <webp/decode.h>
                         ^
compilation terminated.
configure:13062: $? = 1
configure: failed program was:
| /* confdefs.h */
| #define PACKAGE_NAME ""
| #define PACKAGE_TARNAME ""
| #define PACKAGE_VERSION ""
| #define PACKAGE_STRING ""
| #define PACKAGE_BUGREPORT ""
| #define PACKAGE_URL ""
| #define STDC_HEADERS 1
| #define HAVE_SYS_TYPES_H 1
| #define HAVE_SYS_STAT_H 1
| #define HAVE_STDLIB_H 1
| #define HAVE_STRING_H 1
| #define HAVE_MEMORY_H 1
| #define HAVE_STRINGS_H 1
| #define HAVE_INTTYPES_H 1
| #define HAVE_STDINT_H 1
| #define HAVE_UNISTD_H 1
| #define HAVE_DLFCN_H 1
| #define LT_OBJDIR ".libs/"
| #define PACKAGE "SDL2_image"
| #define VERSION "2.0.0"
| #define LOAD_JPG 1
| #define LOAD_PNG 1
| #define LOAD_TIF 1
| /* end confdefs.h.  */
| #include <stdio.h>
| #ifdef HAVE_SYS_TYPES_H
| # include <sys/types.h>
| #endif
| #ifdef HAVE_SYS_STAT_H
| # include <sys/stat.h>
| #endif
| #ifdef STDC_HEADERS
| # include <stdlib.h>
| # include <stddef.h>
| #else
| # ifdef HAVE_STDLIB_H
| #  include <stdlib.h>
| # endif
| #endif
| #ifdef HAVE_STRING_H
| # if !defined STDC_HEADERS && defined HAVE_MEMORY_H
| #  include <memory.h>
| # endif
| # include <string.h>
| #endif
| #ifdef HAVE_STRINGS_H
| # include <strings.h>
| #endif
| #ifdef HAVE_INTTYPES_H
| # include <inttypes.h>
| #endif
| #ifdef HAVE_STDINT_H
| # include <stdint.h>
| #endif
| #ifdef HAVE_UNISTD_H
| # include <unistd.h>
| #endif
| #include <webp/decode.h>
configure:13062: result: no
configure:13062: checking webp/decode.h presence
configure:13062: gcc -E  conftest.c
conftest.c:26:25: fatal error: webp/decode.h: No such file or directory
 #include <webp/decode.h>
                         ^
compilation terminated.
configure:13062: $? = 1
configure: failed program was:
| /* confdefs.h */
| #define PACKAGE_NAME ""
| #define PACKAGE_TARNAME ""
| #define PACKAGE_VERSION ""
| #define PACKAGE_STRING ""
| #define PACKAGE_BUGREPORT ""
| #define PACKAGE_URL ""
| #define STDC_HEADERS 1
| #define HAVE_SYS_TYPES_H 1
| #define HAVE_SYS_STAT_H 1
| #define HAVE_STDLIB_H 1
| #define HAVE_STRING_H 1
| #define HAVE_MEMORY_H 1
| #define HAVE_STRINGS_H 1
| #define HAVE_INTTYPES_H 1
| #define HAVE_STDINT_H 1
| #define HAVE_UNISTD_H 1
| #define HAVE_DLFCN_H 1
| #define LT_OBJDIR ".libs/"
| #define PACKAGE "SDL2_image"
| #define VERSION "2.0.0"
| #define LOAD_JPG 1
| #define LOAD_PNG 1
| #define LOAD_TIF 1
| /* end confdefs.h.  */
| #include <webp/decode.h>
configure:13062: result: no
configure:13062: checking for webp/decode.h
configure:13062: result: no
configure:13068: checking for WebPGetDecoderVersion in -lwebp
configure:13093: gcc -o conftest -I/usr/include/libpng12  -g -O2 -D_REENTRANT -I/usr/local/include/SDL2    conftest.c -lwebp -lm -ljpeg  -L/usr/local/lib64 -Wl,-rpath,/usr/local/lib64 -lSDL2 -lpthread  >&5
/usr/lib64/gcc/x86_64-suse-linux/4.8/../../../../x86_64-suse-linux/bin/ld: cannot find -lwebp
collect2: error: ld returned 1 exit status
configure:13093: $? = 1
configure: failed program was:
| /* confdefs.h */
| #define PACKAGE_NAME ""
| #define PACKAGE_TARNAME ""
| #define PACKAGE_VERSION ""
| #define PACKAGE_STRING ""
| #define PACKAGE_BUGREPORT ""
| #define PACKAGE_URL ""
| #define STDC_HEADERS 1
| #define HAVE_SYS_TYPES_H 1
| #define HAVE_SYS_STAT_H 1
| #define HAVE_STDLIB_H 1
| #define HAVE_STRING_H 1
| #define HAVE_MEMORY_H 1
| #define HAVE_STRINGS_H 1
| #define HAVE_INTTYPES_H 1
| #define HAVE_STDINT_H 1
| #define HAVE_UNISTD_H 1
| #define HAVE_DLFCN_H 1
| #define LT_OBJDIR ".libs/"
| #define PACKAGE "SDL2_image"
| #define VERSION "2.0.0"
| #define LOAD_JPG 1
| #define LOAD_PNG 1
| #define LOAD_TIF 1
| /* end confdefs.h.  */
| 
| /* Override any GCC internal prototype to avoid an error.
|    Use char because int might match the return type of a GCC
|    builtin and then its argument prototype would still apply.  */
| #ifdef __cplusplus
| extern "C"
| #endif
| char WebPGetDecoderVersion ();
| int
| main ()
| {
| return WebPGetDecoderVersion ();
|   ;
|   return 0;
| }
configure:13102: result: no
configure:13186: WARNING: *** Unable to find WEBP library (http://code.google.com/intl/en-US/speed/webp/index.html)
configure:13188: WARNING: WEBP Pimage loading disabled
configure:13443: checking that generated files are newer than configure
configure:13449: result: done
configure:13484: creating ./config.status

## ---------------------- ##
## Running config.status. ##
## ---------------------- ##

This file was extended by config.status, which was
generated by GNU Autoconf 2.69.  Invocation command line was

  CONFIG_FILES    = 
  CONFIG_HEADERS  = 
  CONFIG_LINKS    = 
  CONFIG_COMMANDS = 
  $ ./config.status 

on pc-tanyer_a

config.status:1024: creating Makefile
config.status:1024: creating SDL2_image.spec
config.status:1024: creating SDL2_image.pc
config.status:1196: executing libtool commands
config.status:1196: executing depfiles commands

## ---------------- ##
## Cache variables. ##
## ---------------- ##

ac_cv_build=x86_64-unknown-linux-gnu
ac_cv_c_compiler_gnu=yes
ac_cv_c_inline=inline
ac_cv_env_CC_set=
ac_cv_env_CC_value=
ac_cv_env_CFLAGS_set=
ac_cv_env_CFLAGS_value=
ac_cv_env_CPPFLAGS_set=
ac_cv_env_CPPFLAGS_value=
ac_cv_env_CPP_set=
ac_cv_env_CPP_value=
ac_cv_env_LDFLAGS_set=
ac_cv_env_LDFLAGS_value=
ac_cv_env_LIBPNG_CFLAGS_set=
ac_cv_env_LIBPNG_CFLAGS_value=
ac_cv_env_LIBPNG_LIBS_set=
ac_cv_env_LIBPNG_LIBS_value=
ac_cv_env_LIBS_set=
ac_cv_env_LIBS_value=
ac_cv_env_LIBWEBP_CFLAGS_set=
ac_cv_env_LIBWEBP_CFLAGS_value=
ac_cv_env_LIBWEBP_LIBS_set=
ac_cv_env_LIBWEBP_LIBS_value=
ac_cv_env_OBJCFLAGS_set=
ac_cv_env_OBJCFLAGS_value=
ac_cv_env_OBJC_set=
ac_cv_env_OBJC_value=
ac_cv_env_PKG_CONFIG_set=
ac_cv_env_PKG_CONFIG_value=
ac_cv_env_SDL_CFLAGS_set=
ac_cv_env_SDL_CFLAGS_value=
ac_cv_env_SDL_LIBS_set=
ac_cv_env_SDL_LIBS_value=
ac_cv_env_build_alias_set=
ac_cv_env_build_alias_value=
ac_cv_env_host_alias_set=
ac_cv_env_host_alias_value=
ac_cv_env_target_alias_set=
ac_cv_env_target_alias_value=
ac_cv_header_dlfcn_h=yes
ac_cv_header_inttypes_h=yes
ac_cv_header_jpeglib_h=yes
ac_cv_header_memory_h=yes
ac_cv_header_stdc=yes
ac_cv_header_stdint_h=yes
ac_cv_header_stdlib_h=yes
ac_cv_header_string_h=yes
ac_cv_header_strings_h=yes
ac_cv_header_sys_stat_h=yes
ac_cv_header_sys_types_h=yes
ac_cv_header_tiffio_h=yes
ac_cv_header_unistd_h=yes
ac_cv_header_webp_decode_h=no
ac_cv_host=x86_64-unknown-linux-gnu
ac_cv_lib_jpeg_jpeg_CreateDecompress=yes
ac_cv_lib_tiff_TIFFClientOpen=yes
ac_cv_lib_webp_WebPGetDecoderVersion=no
ac_cv_objc_compiler_gnu=no
ac_cv_objext=o
ac_cv_path_EGREP='/bin/grep -E'
ac_cv_path_FGREP='/bin/grep -F'
ac_cv_path_GREP=/bin/grep
ac_cv_path_SED=/bin/sed
ac_cv_path_ac_pt_PKG_CONFIG=/usr/bin/pkg-config
ac_cv_path_install='/usr/bin/install -c'
ac_cv_path_mkdir=/bin/mkdir
ac_cv_prog_AWK=gawk
ac_cv_prog_CPP='gcc -E'
ac_cv_prog_ac_ct_AR=ar
ac_cv_prog_ac_ct_CC=gcc
ac_cv_prog_ac_ct_OBJC=gcc
ac_cv_prog_ac_ct_OBJDUMP=objdump
ac_cv_prog_ac_ct_RANLIB=ranlib
ac_cv_prog_ac_ct_STRIP=strip
ac_cv_prog_cc_c89=
ac_cv_prog_cc_g=yes
ac_cv_prog_make_make_set=yes
ac_cv_prog_objc_g=no
am_cv_CC_dependencies_compiler_type=gcc3
am_cv_OBJC_dependencies_compiler_type=gcc3
am_cv_make_support_nested_variables=yes
lt_cv_deplibs_check_method=pass_all
lt_cv_file_magic_cmd='$MAGIC_CMD'
lt_cv_file_magic_test_file=
lt_cv_ld_reload_flag=-r
lt_cv_nm_interface='BSD nm'
lt_cv_objdir=.libs
lt_cv_path_LD=/usr/x86_64-suse-linux/bin/ld
lt_cv_path_NM='/usr/bin/nm -B'
lt_cv_prog_compiler_c_o=yes
lt_cv_prog_compiler_pic_works=yes
lt_cv_prog_compiler_rtti_exceptions=no
lt_cv_prog_compiler_static_works=no
lt_cv_prog_gnu_ld=yes
lt_cv_sys_global_symbol_pipe='sed -n -e '\''s/^.*[	 ]\([ABCDGIRSTW][ABCDGIRSTW]*\)[	 ][	 ]*\([_A-Za-z][_A-Za-z0-9]*\)$/\1 \2 \2/p'\'''
lt_cv_sys_global_symbol_to_c_name_address='sed -n -e '\''s/^: \([^ ]*\) $/  {\"\1\", (void *) 0},/p'\'' -e '\''s/^[ABCDGIRSTW]* \([^ ]*\) \([^ ]*\)$/  {"\2", (void *) \&\2},/p'\'''
lt_cv_sys_global_symbol_to_c_name_address_lib_prefix='sed -n -e '\''s/^: \([^ ]*\) $/  {\"\1\", (void *) 0},/p'\'' -e '\''s/^[ABCDGIRSTW]* \([^ ]*\) \(lib[^ ]*\)$/  {"\2", (void *) \&\2},/p'\'' -e '\''s/^[ABCDGIRSTW]* \([^ ]*\) \([^ ]*\)$/  {"lib\2", (void *) \&\2},/p'\'''
lt_cv_sys_global_symbol_to_cdecl='sed -n -e '\''s/^T .* \(.*\)$/extern int \1();/p'\'' -e '\''s/^[ABCDGIRSTW]* .* \(.*\)$/extern char \1;/p'\'''
lt_cv_sys_max_cmd_len=1572864
pkg_cv_LIBPNG_CFLAGS='-I/usr/include/libpng12 '
pkg_cv_LIBPNG_LIBS='-lpng12 '
pkg_cv_SDL_CFLAGS='-D_REENTRANT -I/usr/local/include/SDL2 '
pkg_cv_SDL_LIBS='-L/usr/local/lib64 -Wl,-rpath,/usr/local/lib64 -lSDL2 -lpthread '

## ----------------- ##
## Output variables. ##
## ----------------- ##

ACLOCAL='${SHELL} /home/tanyer_a/rendu/Tek_2/cpp_bomberman/lib/SDL2_image-2.0.0/missing aclocal-1.13'
AMDEPBACKSLASH='\'
AMDEP_FALSE='#'
AMDEP_TRUE=''
AMTAR='$${TAR-tar}'
AM_BACKSLASH='\'
AM_DEFAULT_V='$(AM_DEFAULT_VERBOSITY)'
AM_DEFAULT_VERBOSITY='1'
AM_V='$(V)'
AR='ar'
AS='as'
AUTOCONF='${SHELL} /home/tanyer_a/rendu/Tek_2/cpp_bomberman/lib/SDL2_image-2.0.0/missing autoconf'
AUTOHEADER='${SHELL} /home/tanyer_a/rendu/Tek_2/cpp_bomberman/lib/SDL2_image-2.0.0/missing autoheader'
AUTOMAKE='${SHELL} /home/tanyer_a/rendu/Tek_2/cpp_bomberman/lib/SDL2_image-2.0.0/missing automake-1.13'
AWK='gawk'
BINARY_AGE='0'
CC='gcc'
CCDEPMODE='depmode=gcc3'
CFLAGS='-I/usr/include/libpng12  -g -O2 -D_REENTRANT -I/usr/local/include/SDL2 '
CPP='gcc -E'
CPPFLAGS=''
CYGPATH_W='echo'
DEFS='-DPACKAGE_NAME=\"\" -DPACKAGE_TARNAME=\"\" -DPACKAGE_VERSION=\"\" -DPACKAGE_STRING=\"\" -DPACKAGE_BUGREPORT=\"\" -DPACKAGE_URL=\"\" -DSTDC_HEADERS=1 -DHAVE_SYS_TYPES_H=1 -DHAVE_SYS_STAT_H=1 -DHAVE_STDLIB_H=1 -DHAVE_STRING_H=1 -DHAVE_MEMORY_H=1 -DHAVE_STRINGS_H=1 -DHAVE_INTTYPES_H=1 -DHAVE_STDINT_H=1 -DHAVE_UNISTD_H=1 -DHAVE_DLFCN_H=1 -DLT_OBJDIR=\".libs/\" -DPACKAGE=\"SDL2_image\" -DVERSION=\"2.0.0\" -DLOAD_JPG=1 -DLOAD_PNG=1 -DLOAD_TIF=1 -DLOAD_BMP=1 -DLOAD_GIF=1 -DLOAD_LBM=1 -DLOAD_PCX=1 -DLOAD_PNM=1 -DLOAD_TGA=1 -DLOAD_XCF=1 -DLOAD_XPM=1 -DLOAD_XV=1 -DLOAD_TIF_DYNAMIC=\"libtiff.so.5\" -DLOAD_JPG_DYNAMIC=\"libjpeg.so.8\" -DLOAD_PNG_DYNAMIC=\"libpng16.so.16\"'
DEPDIR='.deps'
DLLTOOL='dlltool'
DSYMUTIL=''
DUMPBIN=''
ECHO_C=''
ECHO_N='-n'
ECHO_T=''
EGREP='/bin/grep -E'
EXEEXT=''
FGREP='/bin/grep -F'
GREP='/bin/grep'
IMG_LIBS=''
INSTALL_DATA='${INSTALL} -m 644'
INSTALL_PROGRAM='${INSTALL}'
INSTALL_SCRIPT='${INSTALL}'
INSTALL_STRIP_PROGRAM='$(install_sh) -c -s'
INTERFACE_AGE='0'
LD='/usr/x86_64-suse-linux/bin/ld -m elf_x86_64'
LDFLAGS=''
LIBOBJS=''
LIBPNG_CFLAGS='-I/usr/include/libpng12 '
LIBPNG_LIBS='-lpng12 '
LIBS=' -L/usr/local/lib64 -Wl,-rpath,/usr/local/lib64 -lSDL2 -lpthread '
LIBTOOL='$(SHELL) $(top_builddir)/libtool'
LIBWEBP_CFLAGS=''
LIBWEBP_LIBS=''
LIPO=''
LN_S='ln -s'
LTLIBOBJS=''
LT_AGE='0'
LT_CURRENT='0'
LT_RELEASE='2.0'
LT_REVISION='0'
MAJOR_VERSION='2'
MAKEINFO='${SHELL} /home/tanyer_a/rendu/Tek_2/cpp_bomberman/lib/SDL2_image-2.0.0/missing makeinfo'
MICRO_VERSION='0'
MINOR_VERSION='0'
MKDIR_P='/bin/mkdir -p'
NM='/usr/bin/nm -B'
NMEDIT=''
OBJC='gcc'
OBJCDEPMODE='depmode=gcc3'
OBJCFLAGS='-I/usr/include/libpng12  -g -O2 -D_REENTRANT -I/usr/local/include/SDL2 '
OBJDUMP='objdump'
OBJEXT='o'
OTOOL64=''
OTOOL=''
PACKAGE='SDL2_image'
PACKAGE_BUGREPORT=''
PACKAGE_NAME=''
PACKAGE_STRING=''
PACKAGE_TARNAME=''
PACKAGE_URL=''
PACKAGE_VERSION=''
PATH_SEPARATOR=':'
PKG_CONFIG='/usr/bin/pkg-config'
RANLIB='ranlib'
SDL2_CONFIG='pkg-config sdl2'
SDL_CFLAGS='-D_REENTRANT -I/usr/local/include/SDL2 '
SDL_LIBS='-L/usr/local/lib64 -Wl,-rpath,/usr/local/lib64 -lSDL2 -lpthread '
SDL_VERSION='2.0.0'
SED='/bin/sed'
SET_MAKE=''
SHELL='/bin/sh'
STRIP='strip'
USE_IMAGEIO_FALSE=''
USE_IMAGEIO_TRUE='#'
USE_VERSION_RC_FALSE=''
USE_VERSION_RC_TRUE='#'
VERSION='2.0.0'
WINDRES=''
ac_ct_CC='gcc'
ac_ct_DUMPBIN=''
ac_ct_OBJC='gcc'
am__EXEEXT_FALSE=''
am__EXEEXT_TRUE='#'
am__fastdepCC_FALSE='#'
am__fastdepCC_TRUE=''
am__fastdepOBJC_FALSE='#'
am__fastdepOBJC_TRUE=''
am__include='include'
am__isrc=''
am__leading_dot='.'
am__nodep='_no'
am__quote=''
am__tar='$${TAR-tar} chof - "$$tardir"'
am__untar='$${TAR-tar} xf -'
bindir='${exec_prefix}/bin'
build='x86_64-unknown-linux-gnu'
build_alias=''
build_cpu='x86_64'
build_os='linux-gnu'
build_vendor='unknown'
datadir='${datarootdir}'
datarootdir='${prefix}/share'
docdir='${datarootdir}/doc/${PACKAGE}'
dvidir='${docdir}'
exec_prefix='${prefix}'
host='x86_64-unknown-linux-gnu'
host_alias=''
host_cpu='x86_64'
host_os='linux-gnu'
host_vendor='unknown'
htmldir='${docdir}'
includedir='${prefix}/include'
infodir='${datarootdir}/info'
install_sh='${SHELL} /home/tanyer_a/rendu/Tek_2/cpp_bomberman/lib/SDL2_image-2.0.0/install-sh'
libdir='${exec_prefix}/lib64'
libexecdir='${exec_prefix}/lib'
localedir='${datarootdir}/locale'
localstatedir='${prefix}/var'
lt_ECHO='echo'
mandir='${datarootdir}/man'
mkdir_p='$(MKDIR_P)'
oldincludedir='/usr/include'
pdfdir='${docdir}'
prefix='/usr/local'
program_transform_name='s,x,x,'
psdir='${docdir}'
sbindir='${exec_prefix}/sbin'
sharedstatedir='${prefix}/com'
sysconfdir='${prefix}/etc'
target_alias=''

## ----------- ##
## confdefs.h. ##
## ----------- ##

/* confdefs.h */
#define PACKAGE_NAME ""
#define PACKAGE_TARNAME ""
#define PACKAGE_VERSION ""
#define PACKAGE_STRING ""
#define PACKAGE_BUGREPORT ""
#define PACKAGE_URL ""
#define STDC_HEADERS 1
#define HAVE_SYS_TYPES_H 1
#define HAVE_SYS_STAT_H 1
#define HAVE_STDLIB_H 1
#define HAVE_STRING_H 1
#define HAVE_MEMORY_H 1
#define HAVE_STRINGS_H 1
#define HAVE_INTTYPES_H 1
#define HAVE_STDINT_H 1
#define HAVE_UNISTD_H 1
#define HAVE_DLFCN_H 1
#define LT_OBJDIR ".libs/"
#define PACKAGE "SDL2_image"
#define VERSION "2.0.0"
#define LOAD_JPG 1
#define LOAD_PNG 1
#define LOAD_TIF 1
#define LOAD_BMP 1
#define LOAD_GIF 1
#define LOAD_LBM 1
#define LOAD_PCX 1
#define LOAD_PNM 1
#define LOAD_TGA 1
#define LOAD_XCF 1
#define LOAD_XPM 1
#define LOAD_XV 1
#define LOAD_TIF_DYNAMIC "libtiff.so.5"
#define LOAD_JPG_DYNAMIC "libjpeg.so.8"
#define LOAD_PNG_DYNAMIC "libpng16.so.16"

configure: exit 0
